<?xml version="1.0" encoding="UTF-8"?>
<testsuite xmlns:xsi="http://www.w3.org/2001/XMLSchema-instance" xsi:noNamespaceSchemaLocation="https://maven.apache.org/surefire/maven-surefire-plugin/xsd/surefire-test-report.xsd" version="3.0.2" name="com.example.demo.DemoApplicationTests" time="2.77" tests="1" errors="0" skipped="0" failures="0">
  <properties>
[...]
</properties>
  <testcase name="contextLoads" classname="com.example.demo.DemoApplicationTests" time="0.381">
    <system-out><![CDATA[11:15:01.124 [main] INFO org.springframework.test.context.support.AnnotationConfigContextLoaderUtils -- Could not detect default configuration classes for test class [com.example.demo.DemoApplicationTests]: DemoApplicationTests does not declare any static, non-private, non-final, nested classes annotated with @Configuration.
11:15:01.208 [main] INFO org.springframework.boot.test.context.SpringBootTestContextBootstrapper -- Found @SpringBootConfiguration com.example.demo.DemoApplication for test class com.example.demo.DemoApplicationTests
11:15:01.309 [main] INFO org.springframework.boot.devtools.restart.RestartApplicationListener -- Restart disabled due to context in which it is running

  .   ____          _            __ _ _
 /\\ / ___'_ __ _ _(_)_ __  __ _ \ \ \ \
( ( )\___ | '_ | '_| | '_ \/ _` | \ \ \ \
 \\/  ___)| |_)| | | | | || (_| |  ) ) ) )
  '  |____| .__|_| |_|_| |_\__, | / / / /
 =========|_|==============|___/=/_/_/_/

 :: Spring Boot ::                (v3.5.6)

2025-10-05T11:15:01.443+09:00  INFO 12946 --- [demo] [           main] com.example.demo.DemoApplicationTests    : Starting DemoApplicationTests using Java 21.0.8 with PID 12946 (started by akihirokakutani in /Users/akihirokakutani/Documents/GitHub/Kotlin_SpringBoot)
2025-10-05T11:15:01.444+09:00  INFO 12946 --- [demo] [           main] com.example.demo.DemoApplicationTests    : No active profile set, falling back to 1 default profile: "default"
2025-10-05T11:15:02.417+09:00  INFO 12946 --- [demo] [           main] org.flywaydb.core.FlywayExecutor         : Database: jdbc:postgresql://localhost:5432/demo_db (PostgreSQL 15.14)
2025-10-05T11:15:02.446+09:00  INFO 12946 --- [demo] [           main] o.f.c.i.s.JdbcTableSchemaHistory         : Schema history table "public"."flyway_schema_history" does not exist yet
2025-10-05T11:15:02.448+09:00  INFO 12946 --- [demo] [           main] o.f.core.internal.command.DbValidate     : Successfully validated 9 migrations (execution time 00:00.013s)
2025-10-05T11:15:02.464+09:00  INFO 12946 --- [demo] [           main] o.f.c.i.s.JdbcTableSchemaHistory         : Creating Schema History table "public"."flyway_schema_history" with baseline ...
2025-10-05T11:15:02.486+09:00  INFO 12946 --- [demo] [           main] o.f.core.internal.command.DbBaseline     : Successfully baselined schema with version: 1
2025-10-05T11:15:02.530+09:00  INFO 12946 --- [demo] [           main] o.f.core.internal.command.DbMigrate      : Current version of schema "public": 1
2025-10-05T11:15:02.539+09:00  INFO 12946 --- [demo] [           main] o.f.core.internal.command.DbMigrate      : Migrating schema "public" to version "1.8 - all in one"
2025-10-05T11:15:02.555+09:00  WARN 12946 --- [demo] [           main] o.f.c.i.s.DefaultSqlScriptExecutor       : DB: relation "menus" already exists, skipping (SQL State: 42P07 - Error Code: 0)
2025-10-05T11:15:02.556+09:00  WARN 12946 --- [demo] [           main] o.f.c.i.s.DefaultSqlScriptExecutor       : DB: relation "idx_menu_name_unique" already exists, skipping (SQL State: 42P07 - Error Code: 0)
2025-10-05T11:15:02.557+09:00  WARN 12946 --- [demo] [           main] o.f.c.i.s.DefaultSqlScriptExecutor       : DB: relation "paths" already exists, skipping (SQL State: 42P07 - Error Code: 0)
2025-10-05T11:15:02.558+09:00  WARN 12946 --- [demo] [           main] o.f.c.i.s.DefaultSqlScriptExecutor       : DB: relation "ux_paths_name" already exists, skipping (SQL State: 42P07 - Error Code: 0)
2025-10-05T11:15:02.558+09:00  WARN 12946 --- [demo] [           main] o.f.c.i.s.DefaultSqlScriptExecutor       : DB: relation "ix_paths_deleted" already exists, skipping (SQL State: 42P07 - Error Code: 0)
2025-10-05T11:15:02.568+09:00  INFO 12946 --- [demo] [           main] o.f.core.internal.command.DbMigrate      : Migrating schema "public" to version "2 - insert content items"
2025-10-05T11:15:02.575+09:00  INFO 12946 --- [demo] [           main] o.f.core.internal.command.DbMigrate      : Migrating schema "public" to version "3 - convert timestamps"
2025-10-05T11:15:02.588+09:00  INFO 12946 --- [demo] [           main] o.f.core.internal.command.DbMigrate      : Migrating schema "public" to version "4 - add menu name"
2025-10-05T11:15:02.589+09:00  WARN 12946 --- [demo] [           main] o.f.c.i.s.DefaultSqlScriptExecutor       : DB: column "menu_name" of relation "content_items" already exists, skipping (SQL State: 42701 - Error Code: 0)
2025-10-05T11:15:02.590+09:00  WARN 12946 --- [demo] [           main] o.f.c.i.s.DefaultSqlScriptExecutor       : DB: relation "idx_menu_name" already exists, skipping (SQL State: 42P07 - Error Code: 0)
2025-10-05T11:15:02.598+09:00  INFO 12946 --- [demo] [           main] o.f.core.internal.command.DbMigrate      : Migrating schema "public" to version "5 - create menus"
2025-10-05T11:15:02.599+09:00  WARN 12946 --- [demo] [           main] o.f.c.i.s.DefaultSqlScriptExecutor       : DB: relation "menus" already exists, skipping (SQL State: 42P07 - Error Code: 0)
2025-10-05T11:15:02.600+09:00  WARN 12946 --- [demo] [           main] o.f.c.i.s.DefaultSqlScriptExecutor       : DB: relation "idx_menu_name_unique" already exists, skipping (SQL State: 42P07 - Error Code: 0)
2025-10-05T11:15:02.607+09:00  INFO 12946 --- [demo] [           main] o.f.core.internal.command.DbMigrate      : Migrating schema "public" to version "6 - add path name"
2025-10-05T11:15:02.608+09:00  WARN 12946 --- [demo] [           main] o.f.c.i.s.DefaultSqlScriptExecutor       : DB: column "path_name" of relation "content_items" already exists, skipping (SQL State: 42701 - Error Code: 0)
2025-10-05T11:15:02.608+09:00  WARN 12946 --- [demo] [           main] o.f.c.i.s.DefaultSqlScriptExecutor       : DB: relation "idx_path_name" already exists, skipping (SQL State: 42P07 - Error Code: 0)
2025-10-05T11:15:02.615+09:00  INFO 12946 --- [demo] [           main] o.f.core.internal.command.DbMigrate      : Migrating schema "public" to version "7 - create paths"
2025-10-05T11:15:02.616+09:00  WARN 12946 --- [demo] [           main] o.f.c.i.s.DefaultSqlScriptExecutor       : DB: relation "paths" already exists, skipping (SQL State: 42P07 - Error Code: 0)
2025-10-05T11:15:02.617+09:00  WARN 12946 --- [demo] [           main] o.f.c.i.s.DefaultSqlScriptExecutor       : DB: relation "ux_paths_name" already exists, skipping (SQL State: 42P07 - Error Code: 0)
2025-10-05T11:15:02.617+09:00  WARN 12946 --- [demo] [           main] o.f.c.i.s.DefaultSqlScriptExecutor       : DB: relation "ix_paths_deleted" already exists, skipping (SQL State: 42P07 - Error Code: 0)
2025-10-05T11:15:02.623+09:00  INFO 12946 --- [demo] [           main] o.f.core.internal.command.DbMigrate      : Migrating schema "public" to version "8 - fix null menu names"
2025-10-05T11:15:02.630+09:00  INFO 12946 --- [demo] [           main] o.f.core.internal.command.DbMigrate      : Successfully applied 8 migrations to schema "public", now at version v8 (execution time 00:00.044s)
2025-10-05T11:15:02.645+09:00  INFO 12946 --- [demo] [           main] com.zaxxer.hikari.HikariDataSource       : HikariPool-1 - Starting...
2025-10-05T11:15:02.660+09:00  INFO 12946 --- [demo] [           main] com.zaxxer.hikari.pool.HikariPool        : HikariPool-1 - Added connection org.postgresql.jdbc.PgConnection@1e29a81a
2025-10-05T11:15:02.661+09:00  INFO 12946 --- [demo] [           main] com.zaxxer.hikari.HikariDataSource       : HikariPool-1 - Start completed.
2025-10-05T11:15:03.286+09:00  INFO 12946 --- [demo] [           main] o.s.b.a.e.web.EndpointLinksResolver      : Exposing 1 endpoint beneath base path '/actuator'
2025-10-05T11:15:03.343+09:00  INFO 12946 --- [demo] [           main] com.example.demo.DemoApplicationTests    : Started DemoApplicationTests in 2.04 seconds (process running for 2.681)
]]></system-out>
    <system-err><![CDATA[Mockito is currently self-attaching to enable the inline-mock-maker. This will no longer work in future releases of the JDK. Please add Mockito as an agent to your build as described in Mockito's documentation: https://javadoc.io/doc/org.mockito/mockito-core/latest/org.mockito/org/mockito/Mockito.html#0.3
WARNING: A Java agent has been loaded dynamically (/Users/akihirokakutani/.m2/repository/net/bytebuddy/byte-buddy-agent/1.17.7/byte-buddy-agent-1.17.7.jar)
WARNING: If a serviceability tool is in use, please run with -XX:+EnableDynamicAgentLoading to hide this warning
WARNING: If a serviceability tool is not in use, please run with -Djdk.instrument.traceUsage for more information
WARNING: Dynamic loading of agents will be disallowed by default in a future release
]]></system-err>
  </testcase>
</testsuite>